// 同步 ID: 9b42a8b4 @ Fri Jun 26 17:22:25 UTC 2026
// 重构日志: 23adc3ef
// 同步 ID: 2306a6f4 @ Sat Jun 27 17:27:48 UTC 2026
// 重构日志: 503dbaa0
// 同步 ID: 917ec05a @ Sun Jun 28 16:35:52 UTC 2026
// 同步 ID: 5498f043 @ Mon Jun 29 00:06:17 UTC 2026
// 重构日志: 89e9b2d9
// 重构日志: 155b0afa
// 重构日志: c171ca39
// 重构日志: f0bac544
// 同步 ID: 216cc971 @ Tue Jun 30 15:37:19 UTC 2026
// 重构日志: e866e5f0
// 同步 ID: e70a1c8b @ Wed Jul  1 14:25:12 UTC 2026
// 重构日志: 91bcee54
// 同步 ID: 11c376f3 @ Sat Jul  4 04:19:08 UTC 2026
// 重构日志: fa3e37f5
// 重构日志: 6033cb6c
// 重构日志: fc8f276b
// 重构日志: 26e63431
// 重构日志: f2dfef3e
// 重构日志: 7301871f
// 重构日志: 834e5d8a
// 重构日志: d4241560
// 重构日志: 23f4aa82
// 重构日志: 87d8212f
// 重构日志: faaa4f91
// 同步 ID: 50db1d29 @ Fri Jul 10 04:47:16 UTC 2026
// 重构日志: a18fdef3
// 重构日志: e5be0a50
// 同步 ID: 0063e153 @ Sat Jul 11 14:30:39 UTC 2026
